\BOOKMARK [1][-]{section.1}{Introduction}{}% 1
\BOOKMARK [2][-]{subsection.1.1}{Problem Statement}{section.1}% 2
\BOOKMARK [2][-]{subsection.1.2}{Background}{section.1}% 3
\BOOKMARK [2][-]{subsection.1.3}{Proposed Solution}{section.1}% 4
\BOOKMARK [2][-]{subsection.1.4}{Project Objectives}{section.1}% 5
\BOOKMARK [3][-]{subsubsection.1.4.1}{Primary Objective}{subsection.1.4}% 6
\BOOKMARK [3][-]{subsubsection.1.4.2}{Secondary Objective\(s\)}{subsection.1.4}% 7
\BOOKMARK [2][-]{subsection.1.5}{Project Scope}{section.1}% 8
\BOOKMARK [3][-]{subsubsection.1.5.1}{Deliverables}{subsection.1.5}% 9
\BOOKMARK [3][-]{subsubsection.1.5.2}{Cost}{subsection.1.5}% 10
\BOOKMARK [3][-]{subsubsection.1.5.3}{Risk Analysis}{subsection.1.5}% 11
\BOOKMARK [3][-]{subsubsection.1.5.4}{Resources}{subsection.1.5}% 12
\BOOKMARK [3][-]{subsubsection.1.5.5}{Feasibility}{subsection.1.5}% 13
\BOOKMARK [3][-]{subsubsection.1.5.6}{Testability}{subsection.1.5}% 14
\BOOKMARK [3][-]{subsubsection.1.5.7}{Limitations}{subsection.1.5}% 15
\BOOKMARK [3][-]{subsubsection.1.5.8}{Safety}{subsection.1.5}% 16
\BOOKMARK [2][-]{subsection.1.6}{Project Planning}{section.1}% 17
\BOOKMARK [3][-]{subsubsection.1.6.1}{Schedule}{subsection.1.6}% 18
\BOOKMARK [2][-]{subsection.1.7}{Preliminary Conceptual Design}{section.1}% 19
\BOOKMARK [1][-]{section.2}{Literature Study}{}% 20
\BOOKMARK [2][-]{subsection.2.1}{Introduction}{section.2}% 21
\BOOKMARK [2][-]{subsection.2.2}{General process \(for audio machine learning\)}{section.2}% 22
\BOOKMARK [2][-]{subsection.2.3}{Background}{section.2}% 23
\BOOKMARK [2][-]{subsection.2.4}{Technology Survey}{section.2}% 24
\BOOKMARK [3][-]{subsubsection.2.4.1}{Trade-Off Studies}{subsection.2.4}% 25
\BOOKMARK [1][-]{section.3}{System Design}{}% 26
\BOOKMARK [1][-]{section.4}{Detail Design and Implementation}{}% 27
\BOOKMARK [1][-]{section.5}{Testing and Evaluation}{}% 28
\BOOKMARK [1][-]{section.6}{Conclusion \046 Recommendations}{}% 29
\BOOKMARK [1][-]{section.6}{References}{}% 30
